# JRE version: Java(TM) SE Runtime Environment (8.0_351-b10) (build 1.8.0_351-b10)
# Java VM: Java HotSpot(TM) 64-Bit Server VM (25.351-b10 mixed mode bsd-amd64 compressed oops)
Heap:
 PSYoungGen      total 78336K, used 24775K [0x00000007b5580000, 0x00000007bee80000, 0x00000007c0000000)
  eden space 66560K, 25% used [0x00000007b5580000,0x00000007b66429a8,0x00000007b9680000)
  from space 11776K, 64% used [0x00000007b9680000,0x00000007b9def5d0,0x00000007ba200000)
  to   space 11776K, 0% used [0x00000007be300000,0x00000007be300000,0x00000007bee80000)
 ParOldGen       total 87552K, used 13195K [0x00000007a0000000, 0x00000007a5580000, 0x00000007b5580000)
  object space 87552K, 15% used [0x00000007a0000000,0x00000007a0ce2c80,0x00000007a5580000)
 Metaspace       used 9690K, capacity 9908K, committed 10112K, reserved 1058816K
  class space    used 1012K, capacity 1088K, committed 1152K, reserved 1048576K
GC Heap History (10 events):
Event: 1330.191 GC heap before
{Heap before GC invocations=3 (full 0):
 PSYoungGen      total 38400K, used 38397K [0x00000007b5580000, 0x00000007b8000000, 0x00000007c0000000)
  eden space 33280K, 100% used [0x00000007b5580000,0x00000007b7600000,0x00000007b7600000)
  from space 5120K, 99% used [0x00000007b7b00000,0x00000007b7fff570,0x00000007b8000000)
  to   space 5120K, 0% used [0x00000007b7600000,0x00000007b7600000,0x00000007b7b00000)
 ParOldGen       total 87552K, used 3372K [0x00000007a0000000, 0x00000007a5580000, 0x00000007b5580000)
  object space 87552K, 3% used [0x00000007a0000000,0x00000007a034b0f8,0x00000007a5580000)
 Metaspace       used 9498K, capacity 9716K, committed 9856K, reserved 1058816K
  class space    used 992K, capacity 1088K, committed 1152K, reserved 1048576K
Event: 1330.204 GC heap after
Heap after GC invocations=3 (full 0):
 PSYoungGen      total 38400K, used 5107K [0x00000007b5580000, 0x00000007b8000000, 0x00000007c0000000)
  eden space 33280K, 0% used [0x00000007b5580000,0x00000007b5580000,0x00000007b7600000)
  from space 5120K, 99% used [0x00000007b7600000,0x00000007b7afcff0,0x00000007b7b00000)
  to   space 5120K, 0% used [0x00000007b7b00000,0x00000007b7b00000,0x00000007b8000000)
 ParOldGen       total 87552K, used 9393K [0x00000007a0000000, 0x00000007a5580000, 0x00000007b5580000)
  object space 87552K, 10% used [0x00000007a0000000,0x00000007a092c648,0x00000007a5580000)
 Metaspace       used 9498K, capacity 9716K, committed 9856K, reserved 1058816K
  class space    used 992K, capacity 1088K, committed 1152K, reserved 1048576K
}
Event: 1330.542 GC heap before
{Heap before GC invocations=4 (full 0):
 PSYoungGen      total 38400K, used 38387K [0x00000007b5580000, 0x00000007b8000000, 0x00000007c0000000)
  eden space 33280K, 100% used [0x00000007b5580000,0x00000007b7600000,0x00000007b7600000)
  from space 5120K, 99% used [0x00000007b7600000,0x00000007b7afcff0,0x00000007b7b00000)
  to   space 5120K, 0% used [0x00000007b7b00000,0x00000007b7b00000,0x00000007b8000000)
 ParOldGen       total 87552K, used 9393K [0x00000007a0000000, 0x00000007a5580000, 0x00000007b5580000)
  object space 87552K, 10% used [0x00000007a0000000,0x00000007a092c648,0x00000007a5580000)
 Metaspace       used 9522K, capacity 9716K, committed 9856K, reserved 1058816K
  class space    used 992K, capacity 1088K, committed 1152K, reserved 1048576K
Event: 1330.547 GC heap after
Heap after GC invocations=4 (full 0):
 PSYoungGen      total 38400K, used 4611K [0x00000007b5580000, 0x00000007ba080000, 0x00000007c0000000)
  eden space 33280K, 0% used [0x00000007b5580000,0x00000007b5580000,0x00000007b7600000)
  from space 5120K, 90% used [0x00000007b7b00000,0x00000007b7f80fd0,0x00000007b8000000)
  to   space 5120K, 0% used [0x00000007b7600000,0x00000007b7600000,0x00000007b7b00000)
 ParOldGen       total 87552K, used 9401K [0x00000007a0000000, 0x00000007a5580000, 0x00000007b5580000)
  object space 87552K, 10% used [0x00000007a0000000,0x00000007a092e648,0x00000007a5580000)
 Metaspace       used 9522K, capacity 9716K, committed 9856K, reserved 1058816K
  class space    used 992K, capacity 1088K, committed 1152K, reserved 1048576K
}
Event: 1330.731 GC heap before
{Heap before GC invocations=5 (full 0):
 PSYoungGen      total 38400K, used 37891K [0x00000007b5580000, 0x00000007ba080000, 0x00000007c0000000)
  eden space 33280K, 100% used [0x00000007b5580000,0x00000007b7600000,0x00000007b7600000)
  from space 5120K, 90% used [0x00000007b7b00000,0x00000007b7f80fd0,0x00000007b8000000)
  to   space 5120K, 0% used [0x00000007b7600000,0x00000007b7600000,0x00000007b7b00000)
 ParOldGen       total 87552K, used 9401K [0x00000007a0000000, 0x00000007a5580000, 0x00000007b5580000)
  object space 87552K, 10% used [0x00000007a0000000,0x00000007a092e648,0x00000007a5580000)
 Metaspace       used 9522K, capacity 9716K, committed 9856K, reserved 1058816K
  class space    used 992K, capacity 1088K, committed 1152K, reserved 1048576K
Event: 1330.735 GC heap after
Heap after GC invocations=5 (full 0):
 PSYoungGen      total 38400K, used 4253K [0x00000007b5580000, 0x00000007bae80000, 0x00000007c0000000)
  eden space 33280K, 0% used [0x00000007b5580000,0x00000007b5580000,0x00000007b7600000)
  from space 5120K, 83% used [0x00000007b7600000,0x00000007b7a27540,0x00000007b7b00000)
  to   space 12288K, 0% used [0x00000007ba280000,0x00000007ba280000,0x00000007bae80000)
 ParOldGen       total 87552K, used 9409K [0x00000007a0000000, 0x00000007a5580000, 0x00000007b5580000)
  object space 87552K, 10% used [0x00000007a0000000,0x00000007a0930648,0x00000007a5580000)
 Metaspace       used 9522K, capacity 9716K, committed 9856K, reserved 1058816K
  class space    used 992K, capacity 1088K, committed 1152K, reserved 1048576K
}
Event: 1330.926 GC heap before
{Heap before GC invocations=6 (full 0):
 PSYoungGen      total 38400K, used 36568K [0x00000007b5580000, 0x00000007bae80000, 0x00000007c0000000)
  eden space 33280K, 97% used [0x00000007b5580000,0x00000007b750edd8,0x00000007b7600000)
  from space 5120K, 83% used [0x00000007b7600000,0x00000007b7a27540,0x00000007b7b00000)
  to   space 12288K, 0% used [0x00000007ba280000,0x00000007ba280000,0x00000007bae80000)
 ParOldGen       total 87552K, used 9409K [0x00000007a0000000, 0x00000007a5580000, 0x00000007b5580000)
  object space 87552K, 10% used [0x00000007a0000000,0x00000007a0930648,0x00000007a5580000)
 Metaspace       used 9579K, capacity 9780K, committed 9856K, reserved 1058816K
  class space    used 995K, capacity 1088K, committed 1152K, reserved 1048576K
Event: 1330.931 GC heap after
Heap after GC invocations=6 (full 0):
 PSYoungGen      total 77824K, used 5146K [0x00000007b5580000, 0x00000007bad80000, 0x00000007c0000000)
  eden space 66560K, 0% used [0x00000007b5580000,0x00000007b5580000,0x00000007b9680000)
  from space 11264K, 45% used [0x00000007ba280000,0x00000007ba786a70,0x00000007bad80000)
  to   space 11776K, 0% used [0x00000007b9680000,0x00000007b9680000,0x00000007ba200000)
 ParOldGen       total 87552K, used 9417K [0x00000007a0000000, 0x00000007a5580000, 0x00000007b5580000)
  object space 87552K, 10% used [0x00000007a0000000,0x00000007a0932648,0x00000007a5580000)
 Metaspace       used 9579K, capacity 9780K, committed 9856K, reserved 1058816K
  class space    used 995K, capacity 1088K, committed 1152K, reserved 1048576K
}
Event: 1331.304 GC heap before
{Heap before GC invocations=7 (full 0):
 PSYoungGen      total 77824K, used 71706K [0x00000007b5580000, 0x00000007bad80000, 0x00000007c0000000)
  eden space 66560K, 100% used [0x00000007b5580000,0x00000007b9680000,0x00000007b9680000)
  from space 11264K, 45% used [0x00000007ba280000,0x00000007ba786a70,0x00000007bad80000)
  to   space 11776K, 0% used [0x00000007b9680000,0x00000007b9680000,0x00000007ba200000)
 ParOldGen       total 87552K, used 9417K [0x00000007a0000000, 0x00000007a5580000, 0x00000007b5580000)
  object space 87552K, 10% used [0x00000007a0000000,0x00000007a0932648,0x00000007a5580000)
 Metaspace       used 9583K, capacity 9780K, committed 9856K, reserved 1058816K
  class space    used 995K, capacity 1088K, committed 1152K, reserved 1048576K
Event: 1331.315 GC heap after
Heap after GC invocations=7 (full 0):
 PSYoungGen      total 78336K, used 7613K [0x00000007b5580000, 0x00000007bee80000, 0x00000007c0000000)
  eden space 66560K, 0% used [0x00000007b5580000,0x00000007b5580000,0x00000007b9680000)
  from space 11776K, 64% used [0x00000007b9680000,0x00000007b9def5d0,0x00000007ba200000)
  to   space 11776K, 0% used [0x00000007be300000,0x00000007be300000,0x00000007bee80000)
 ParOldGen       total 87552K, used 13195K [0x00000007a0000000, 0x00000007a5580000, 0x00000007b5580000)
  object space 87552K, 15% used [0x00000007a0000000,0x00000007a0ce2c80,0x00000007a5580000)
 Metaspace       used 9583K, capacity 9780K, committed 9856K, reserved 1058816K
  class space    used 995K, capacity 1088K, committed 1152K, reserved 1048576K
}

